Determining if the pthread_create exist failed with the following output:
Change Dir: /home/suzuki/ros_ws/ay_tools/fingervision/suzuki/rubbing_hand/build/CMakeFiles/CMakeTmp

Run Build Command:"/usr/bin/make" "cmTC_adc8e/fast"
make[1]: ディレクトリ '/home/suzuki/ros_ws/ay_tools/fingervision/suzuki/rubbing_hand/build/CMakeFiles/CMakeTmp' に入ります
/usr/bin/make -f CMakeFiles/cmTC_adc8e.dir/build.make CMakeFiles/cmTC_adc8e.dir/build
make[2]: ディレクトリ '/home/suzuki/ros_ws/ay_tools/fingervision/suzuki/rubbing_hand/build/CMakeFiles/CMakeTmp' に入ります
Building C object CMakeFiles/cmTC_adc8e.dir/CheckSymbolExists.c.o
/usr/bin/cc     -o CMakeFiles/cmTC_adc8e.dir/CheckSymbolExists.c.o   -c /home/suzuki/ros_ws/ay_tools/fingervision/suzuki/rubbing_hand/build/CMakeFiles/CMakeTmp/CheckSymbolExists.c
Linking C executable cmTC_adc8e
/usr/bin/cmake -E cmake_link_script CMakeFiles/cmTC_adc8e.dir/link.txt --verbose=1
/usr/bin/cc       CMakeFiles/cmTC_adc8e.dir/CheckSymbolExists.c.o  -o cmTC_adc8e -rdynamic 
CMakeFiles/cmTC_adc8e.dir/CheckSymbolExists.c.o: 関数 `main' 内:
CheckSymbolExists.c:(.text+0x16): `pthread_create' に対する定義されていない参照です
collect2: error: ld returned 1 exit status
CMakeFiles/cmTC_adc8e.dir/build.make:97: ターゲット 'cmTC_adc8e' のレシピで失敗しました
make[2]: *** [cmTC_adc8e] エラー 1
make[2]: ディレクトリ '/home/suzuki/ros_ws/ay_tools/fingervision/suzuki/rubbing_hand/build/CMakeFiles/CMakeTmp' から出ます
Makefile:126: ターゲット 'cmTC_adc8e/fast' のレシピで失敗しました
make[1]: *** [cmTC_adc8e/fast] エラー 2
make[1]: ディレクトリ '/home/suzuki/ros_ws/ay_tools/fingervision/suzuki/rubbing_hand/build/CMakeFiles/CMakeTmp' から出ます

File /home/suzuki/ros_ws/ay_tools/fingervision/suzuki/rubbing_hand/build/CMakeFiles/CMakeTmp/CheckSymbolExists.c:
/* */
#include <pthread.h>

int main(int argc, char** argv)
{
  (void)argv;
#ifndef pthread_create
  return ((int*)(&pthread_create))[argc];
#else
  (void)argc;
  return 0;
#endif
}

Determining if the function pthread_create exists in the pthreads failed with the following output:
Change Dir: /home/suzuki/ros_ws/ay_tools/fingervision/suzuki/rubbing_hand/build/CMakeFiles/CMakeTmp

Run Build Command:"/usr/bin/make" "cmTC_de2f7/fast"
make[1]: ディレクトリ '/home/suzuki/ros_ws/ay_tools/fingervision/suzuki/rubbing_hand/build/CMakeFiles/CMakeTmp' に入ります
/usr/bin/make -f CMakeFiles/cmTC_de2f7.dir/build.make CMakeFiles/cmTC_de2f7.dir/build
make[2]: ディレクトリ '/home/suzuki/ros_ws/ay_tools/fingervision/suzuki/rubbing_hand/build/CMakeFiles/CMakeTmp' に入ります
Building C object CMakeFiles/cmTC_de2f7.dir/CheckFunctionExists.c.o
/usr/bin/cc    -DCHECK_FUNCTION_EXISTS=pthread_create   -o CMakeFiles/cmTC_de2f7.dir/CheckFunctionExists.c.o   -c /usr/share/cmake-3.5/Modules/CheckFunctionExists.c
Linking C executable cmTC_de2f7
/usr/bin/cmake -E cmake_link_script CMakeFiles/cmTC_de2f7.dir/link.txt --verbose=1
/usr/bin/cc   -DCHECK_FUNCTION_EXISTS=pthread_create    CMakeFiles/cmTC_de2f7.dir/CheckFunctionExists.c.o  -o cmTC_de2f7 -rdynamic -lpthreads 
/usr/bin/ld: -lpthreads が見つかりません
collect2: error: ld returned 1 exit status
CMakeFiles/cmTC_de2f7.dir/build.make:97: ターゲット 'cmTC_de2f7' のレシピで失敗しました
make[2]: *** [cmTC_de2f7] エラー 1
make[2]: ディレクトリ '/home/suzuki/ros_ws/ay_tools/fingervision/suzuki/rubbing_hand/build/CMakeFiles/CMakeTmp' から出ます
Makefile:126: ターゲット 'cmTC_de2f7/fast' のレシピで失敗しました
make[1]: *** [cmTC_de2f7/fast] エラー 2
make[1]: ディレクトリ '/home/suzuki/ros_ws/ay_tools/fingervision/suzuki/rubbing_hand/build/CMakeFiles/CMakeTmp' から出ます


